0 info it worked if it ends with ok
1 verbose cli [ '/usr/local/bin/node',
1 verbose cli   '/usr/local/bin/npm',
1 verbose cli   'install',
1 verbose cli   'git',
1 verbose cli   '-g' ]
2 info using npm@2.11.2
3 info using node@v0.12.6
4 verbose install initial load of /usr/local/lib/package.json
5 verbose readDependencies loading dependencies from /usr/local/lib/package.json
6 silly cache add args [ 'git', null ]
7 verbose cache add spec git
8 silly cache add parsed spec { raw: 'git',
8 silly cache add   scope: null,
8 silly cache add   name: 'git',
8 silly cache add   rawSpec: '',
8 silly cache add   spec: '*',
8 silly cache add   type: 'range' }
9 silly addNamed git@*
10 verbose addNamed "*" is a valid semver range for git
11 silly addNameRange { name: 'git', range: '*', hasData: false }
12 silly mapToRegistry name git
13 silly mapToRegistry using default registry
14 silly mapToRegistry registry https://registry.npmjs.org/
15 silly mapToRegistry uri https://registry.npmjs.org/git
16 verbose addNameRange registry:https://registry.npmjs.org/git not in flight; fetching
17 verbose request uri https://registry.npmjs.org/git
18 verbose request no auth needed
19 info attempt registry request try #1 at 14:43:39
20 verbose request id 975fbb2f647960b4
21 verbose etag "9L8E6N9EJNV3RHTA49JNZT17Y"
22 http request GET https://registry.npmjs.org/git
23 http 304 https://registry.npmjs.org/git
24 silly get cb [ 304,
24 silly get   { date: 'Fri, 23 Sep 2016 20:43:39 GMT',
24 silly get     via: '1.1 varnish',
24 silly get     'cache-control': 'max-age=300',
24 silly get     etag: '"9L8E6N9EJNV3RHTA49JNZT17Y"',
24 silly get     age: '0',
24 silly get     connection: 'keep-alive',
24 silly get     'x-served-by': 'cache-jfk8146-JFK',
24 silly get     'x-cache': 'HIT',
24 silly get     'x-cache-hits': '1',
24 silly get     'x-timer': 'S1474663419.947537,VS0,VE21',
24 silly get     vary: 'Accept-Encoding' } ]
25 verbose etag https://registry.npmjs.org/git from cache
26 verbose get saving git to /home/pi/.npm/registry.npmjs.org/git/.cache.json
27 silly addNameRange number 2 { name: 'git', range: '*', hasData: true }
28 silly addNameRange versions [ 'git',
28 silly addNameRange   [ '0.1.0', '0.1.1', '0.1.2', '0.1.3', '0.1.4', '0.1.5' ] ]
29 silly addNamed git@0.1.5
30 verbose addNamed "0.1.5" is a plain semver version for git
31 silly mapToRegistry name git
32 silly mapToRegistry using default registry
33 silly mapToRegistry registry https://registry.npmjs.org/
34 silly mapToRegistry uri https://registry.npmjs.org/git
35 verbose addRemoteTarball https://registry.npmjs.org/git/-/git-0.1.5.tgz not in flight; adding
36 verbose addRemoteTarball [ 'https://registry.npmjs.org/git/-/git-0.1.5.tgz',
36 verbose addRemoteTarball   '9ef62df93f851c27542143bf52d1c68b1017ca15' ]
37 info retry fetch attempt 1 at 14:43:40
38 info attempt registry request try #1 at 14:43:40
39 http fetch GET https://registry.npmjs.org/git/-/git-0.1.5.tgz
40 http fetch 200 https://registry.npmjs.org/git/-/git-0.1.5.tgz
41 silly fetchAndShaCheck shasum 9ef62df93f851c27542143bf52d1c68b1017ca15
42 verbose addTmpTarball /tmp/npm-3380-661646d6/registry.npmjs.org/git/-/git-0.1.5.tgz not in flight; adding
43 verbose addTmpTarball already have metadata; skipping unpack for git@0.1.5
44 silly cache afterAdd git@0.1.5
45 verbose afterAdd /home/pi/.npm/git/0.1.5/package/package.json not in flight; writing
46 verbose afterAdd /home/pi/.npm/git/0.1.5/package/package.json written
47 silly install resolved [ { name: 'git',
47 silly install resolved     description: 'A node.js library for git',
47 silly install resolved     version: '0.1.5',
47 silly install resolved     author: { name: 'Christian Amor Kvalheim', email: 'christkv@gmail.com' },
47 silly install resolved     contributors: [ [Object] ],
47 silly install resolved     repository: { type: 'git', url: 'git@github.com:christkv/node-git.git' },
47 silly install resolved     bugs: { url: 'http://groups.google.com/group/nodegit' },
47 silly install resolved     main: './lib/git/index',
47 silly install resolved     directories: { lib: './lib/git' },
47 silly install resolved     engines: { node: '>=0.4.0' },
47 silly install resolved     dependencies: { mime: '1.2.9' },
47 silly install resolved     devDependencies: { nodeunit: '>=0.5.1' },
47 silly install resolved     licenses: [ [Object] ],
47 silly install resolved     scripts: { test: './node_modules/.bin/nodeunit test' },
47 silly install resolved     readme: '[![build status](https://secure.travis-ci.org/christkv/node-git.png)](http://travis-ci.org/christkv/node-git)\n\n# Introduction\n\nThis is a library for Git written in Node.js. It\'s as close a port of grit http://github.com/mojombo/grit.\n\nThe idea is to allow for manipulation of git repositories by the node.js application. Not everything is\nimplemented directly in node-git. Some of the stuff is using the native git command line instead of\ndirect javascript code. Also it\'s fairly synchronous right now but that will hopefully change a little\nby little over time as it gets more stable and I start using it in real life scenarios.\n\n## Github information\n\nThe source code is available at http://github.com/christkv/node-git.\nYou can either clone the repository or download a tarball of the latest release.\n\nOnce you have the source you can test the driver by running\n\n\t$ make test\n\nOn windows:\n\n\tPS > node.exe .\\node_modules\\nodeunit\\bin\\nodeunit .\\test\n\t\n## Examples\n\nFor simple examples of usage look at the tests included in the repository.\n\n## Notes\n\nThe current version is basic git support, don\'t expect everything to work as you expect it\noff the bat.\n\n## License\n\n\tCopyright 2009 - 2010 Christian Amor Kvalheim.\n\n\t  Licensed under the Apache License, Version 2.0 (the "License");\n\t  you may not use this file except in compliance with the License.\n\t  You may obtain a copy of the License at\n\n\t      http://www.apache.org/licenses/LICENSE-2.0\n\n\t  Unless required by applicable law or agreed to in writing, software\n\t  distributed under the License is distributed on an "AS IS" BASIS,\n\t  WITHOUT WARRANTIES OR CONDITIONS OF ANY KIND, either express or implied.\n\t  See the License for the specific language governing permissions and\n\t  limitations under the License.\n',
47 silly install resolved     readmeFilename: 'README.md',
47 silly install resolved     _id: 'git@0.1.5',
47 silly install resolved     dist:
47 silly install resolved      { shasum: '9ef62df93f851c27542143bf52d1c68b1017ca15',
47 silly install resolved        tarball: 'https://registry.npmjs.org/git/-/git-0.1.5.tgz' },
47 silly install resolved     _from: 'git@*',
47 silly install resolved     _npmVersion: '1.2.23',
47 silly install resolved     _npmUser: { name: 'christkv', email: 'christkv@gmail.com' },
47 silly install resolved     maintainers: [ [Object] ],
47 silly install resolved     _shasum: '9ef62df93f851c27542143bf52d1c68b1017ca15',
47 silly install resolved     _resolved: 'https://registry.npmjs.org/git/-/git-0.1.5.tgz' } ]
48 info install git@0.1.5 into /usr/local/lib
49 info installOne git@0.1.5
50 verbose installOne of git to /usr/local/lib not in flight; installing
51 verbose lock using /home/pi/.npm/_locks/git-e31bd4a75b82f32e.lock for /usr/local/lib/node_modules/git
52 silly install write writing git 0.1.5 to /usr/local/lib/node_modules/git
53 verbose unbuild lib/node_modules/git
54 silly gentlyRm /usr/local/lib/node_modules/git is being purged from base /usr/local
55 verbose gentlyRm don't care about contents; nuking /usr/local/lib/node_modules/git
56 verbose tar unpack /home/pi/.npm/git/0.1.5/package.tgz
57 verbose tar unpacking to /usr/local/lib/node_modules/git
58 silly gentlyRm /usr/local/lib/node_modules/git is being purged
59 verbose gentlyRm don't care about contents; nuking /usr/local/lib/node_modules/git
60 silly gunzTarPerm modes [ '755', '644' ]
61 error tar.unpack untar error /home/pi/.npm/git/0.1.5/package.tgz
62 verbose unlock done using /home/pi/.npm/_locks/git-e31bd4a75b82f32e.lock for /usr/local/lib/node_modules/git
63 verbose fstream_path /usr/local/lib/node_modules/git
64 verbose fstream_type Directory
65 verbose fstream_class DirWriter
66 verbose stack Error: EACCES, mkdir '/usr/local/lib/node_modules/git'
66 verbose stack     at Error (native)
67 verbose fstream_stack /usr/local/lib/node_modules/npm/node_modules/fstream/lib/dir-writer.js:35:25
67 verbose fstream_stack /usr/local/lib/node_modules/npm/node_modules/mkdirp/index.js:47:53
67 verbose fstream_stack FSReqWrap.oncomplete (fs.js:95:15)
68 verbose cwd /home/pi/stack-a-thon
69 error Linux 4.1.19-v7+
70 error argv "/usr/local/bin/node" "/usr/local/bin/npm" "install" "git" "-g"
71 error node v0.12.6
72 error npm  v2.11.2
73 error path /usr/local/lib/node_modules/git
74 error code EACCES
75 error errno -13
76 error Error: EACCES, mkdir '/usr/local/lib/node_modules/git'
76 error     at Error (native)
76 error  { [Error: EACCES, mkdir '/usr/local/lib/node_modules/git']
76 error   errno: -13,
76 error   code: 'EACCES',
76 error   path: '/usr/local/lib/node_modules/git',
76 error   fstream_type: 'Directory',
76 error   fstream_path: '/usr/local/lib/node_modules/git',
76 error   fstream_class: 'DirWriter',
76 error   fstream_stack:
76 error    [ '/usr/local/lib/node_modules/npm/node_modules/fstream/lib/dir-writer.js:35:25',
76 error      '/usr/local/lib/node_modules/npm/node_modules/mkdirp/index.js:47:53',
76 error      'FSReqWrap.oncomplete (fs.js:95:15)' ] }
77 error Please try running this command again as root/Administrator.
78 verbose exit [ -13, true ]
79 verbose unbuild lib/node_modules/git
80 silly gentlyRm /usr/local/lib/node_modules/git is being purged from base /usr/local
81 verbose gentlyRm don't care about contents; nuking /usr/local/lib/node_modules/git
